<?xml version="1.0" encoding="UTF-8"?>
<!-- Generated by org.testng.reporters.JUnitXMLReporter -->
<testsuite hostname="bindu-PC" ignored="0" name="BankManagerLoginTest" tests="1" failures="1" timestamp="08 Mar 2021 09:35:31 GMT" time="13.273" errors="0">
  <testcase name="loginAsBankManager" time="13.237" classname="com.w2a.testcases.BankManagerLoginTest">
    <failure type="java.lang.AssertionError" message="Login not sucessfull">
      <![CDATA[java.lang.AssertionError: Login not sucessfull
	at com.w2a.testcases.BankManagerLoginTest.loginAsBankManager(BankManagerLoginTest.java:34)
... Removed 26 stack frames]]>
    </failure>
  </testcase> <!-- loginAsBankManager -->
</testsuite> <!-- BankManagerLoginTest -->
