<?xml version="1.0" encoding="UTF-8"?>
<!-- Generated by org.testng.reporters.JUnitXMLReporter -->
<testsuite hostname="bindu-PC" ignored="0" name="LoginTest" tests="1" failures="1" timestamp="07 Mar 2021 02:16:12 GMT" time="13.29" errors="0">
  <testcase name="loginAsBankManager" time="13.255" classname="com.w2a.testcases.BankManagerLoginTest">
    <failure type="java.lang.AssertionError" message="Login not sucessfull">
      <![CDATA[java.lang.AssertionError: Login not sucessfull
	at com.w2a.testcases.BankManagerLoginTest.loginAsBankManager(BankManagerLoginTest.java:34)
... Removed 26 stack frames]]>
    </failure>
  </testcase> <!-- loginAsBankManager -->
</testsuite> <!-- LoginTest -->
